<?xml version="1.0" encoding="UTF-8"?>
<testsuite xmlns:xsi="http://www.w3.org/2001/XMLSchema-instance" xsi:noNamespaceSchemaLocation="https://maven.apache.org/surefire/maven-surefire-plugin/xsd/surefire-test-report-3.0.xsd" version="3.0" name="TestSuite" time="18.003" tests="1" errors="0" skipped="0" failures="0">
  <properties>
[...]
</properties>
  <testcase name="runScenario[&quot;User Registered Successfully&quot;, &quot;Register Functionality&quot;](1)" classname="runners.TestRunner" time="17.22">
    <system-out><![CDATA[
@smoke
Scenario: User Registered Successfully # src/test/resources/features/register.feature:7
  Given user is in the login page      # stepdefinitions.RegisterStepDefinitions.userOnTheLoginPage()
  When user fill username and email    # stepdefinitions.RegisterStepDefinitions.fillUsernameAndEmail()
  And user click signup button         # stepdefinitions.RegisterStepDefinitions.clickSignupButton()
]]></system-out>
    <system-err><![CDATA[SLF4J: Failed to load class "org.slf4j.impl.StaticLoggerBinder".
SLF4J: Defaulting to no-operation (NOP) logger implementation
SLF4J: See http://www.slf4j.org/codes.html#StaticLoggerBinder for further details.
Jun 12, 2025 6:35:04 PM org.openqa.selenium.remote.tracing.opentelemetry.OpenTelemetryTracer createTracer
INFO: Using OpenTelemetry for tracing
ERROR StatusLogger Log4j2 could not find a logging implementation. Please add log4j-core to the classpath. Using SimpleLogger to log to the console...
]]></system-err>
  </testcase>
</testsuite>